[    0.000000] Initializing cgroup subsys cpuset
[    0.000000] Initializing cgroup subsys cpu
[    0.000000] Initializing cgroup subsys cpuacct
[    0.000000] Linux version 4.4.0-169-generic (buildd@lgw01-amd64-038) (gcc version 5.4.0 20160609 (Ubuntu 5.4.0-6ubuntu1~16.04.12) ) #198-Ubuntu SMP Tue Nov 12 10:38:00 UTC 2019 (Ubuntu 4.4.0-169.198-generic 4.4.197)
[    0.000000] Command line: BOOT_IMAGE=/boot/vmlinuz-4.4.0-169-generic root=LABEL=cloudimg-rootfs ro console=tty1 console=ttyS0
[    0.000000] KERNEL supported cpus:
[    0.000000]   Intel GenuineIntel
[    0.000000]   AMD AuthenticAMD
[    0.000000]   Centaur CentaurHauls
[    0.000000] x86/fpu: Supporting XSAVE feature 0x01: 'x87 floating point registers'
[    0.000000] x86/fpu: Supporting XSAVE feature 0x02: 'SSE registers'
[    0.000000] x86/fpu: Enabled xstate features 0x3, context size is 576 bytes, using 'standard' format.
[    0.000000] e820: BIOS-provided physical RAM map:
[    0.000000] BIOS-e820: [mem 0x0000000000000000-0x000000000009fbff] usable
[    0.000000] BIOS-e820: [mem 0x000000000009fc00-0x000000000009ffff] reserved
[    0.000000] BIOS-e820: [mem 0x00000000000f0000-0x00000000000fffff] reserved
[    0.000000] BIOS-e820: [mem 0x0000000000100000-0x000000001ffeffff] usable
[    0.000000] BIOS-e820: [mem 0x000000001fff0000-0x000000001fffffff] ACPI data
[    0.000000] BIOS-e820: [mem 0x00000000fec00000-0x00000000fec00fff] reserved
[    0.000000] BIOS-e820: [mem 0x00000000fee00000-0x00000000fee00fff] reserved
[    0.000000] BIOS-e820: [mem 0x00000000fffc0000-0x00000000ffffffff] reserved
[    0.000000] NX (Execute Disable) protection: active
[    0.000000] SMBIOS 2.5 present.
[    0.000000] Hypervisor detected: KVM
[    0.000000] e820: last_pfn = 0x1fff0 max_arch_pfn = 0x400000000
[    0.000000] MTRR: Disabled
[    0.000000] x86/PAT: MTRRs disabled, skipping PAT initialization too.
[    0.000000] CPU MTRRs all blank - virtualized system.
[    0.000000] x86/PAT: Configuration [0-7]: WB  WT  UC- UC  WB  WT  UC- UC  
[    0.000000] found SMP MP-table at [mem 0x0009fff0-0x0009ffff] mapped at [ffff88000009fff0]
[    0.000000] Scanning 1 areas for low memory corruption
[    0.000000] RAMDISK: [mem 0x1e8d3000-0x1f74ffff]
[    0.000000] ACPI: Early table checksum verification disabled
[    0.000000] ACPI: RSDP 0x00000000000E0000 000024 (v02 VBOX  )
[    0.000000] ACPI: XSDT 0x000000001FFF0030 00003C (v01 VBOX   VBOXXSDT 00000001 ASL  00000061)
[    0.000000] ACPI: FACP 0x000000001FFF00F0 0000F4 (v04 VBOX   VBOXFACP 00000001 ASL  00000061)
[    0.000000] ACPI: DSDT 0x000000001FFF0470 0021FF (v02 VBOX   VBOXBIOS 00000002 INTL 20100528)
[    0.000000] ACPI: FACS 0x000000001FFF0200 000040
[    0.000000] ACPI: FACS 0x000000001FFF0200 000040
[    0.000000] ACPI: APIC 0x000000001FFF0240 000054 (v02 VBOX   VBOXAPIC 00000001 ASL  00000061)
[    0.000000] ACPI: SSDT 0x000000001FFF02A0 0001CC (v01 VBOX   VBOXCPUT 00000002 INTL 20100528)
[    0.000000] No NUMA configuration found
[    0.000000] Faking a node at [mem 0x0000000000000000-0x000000001ffeffff]
[    0.000000] NODE_DATA(0) allocated [mem 0x1ffeb000-0x1ffeffff]
[    0.000000] kvm-clock: Using msrs 4b564d01 and 4b564d00
[    0.000000] kvm-clock: cpu 0, msr 0:1ffe3001, primary cpu clock
[    0.000000] kvm-clock: using sched offset of 5255394841 cycles
[    0.000000] clocksource: kvm-clock: mask: 0xffffffffffffffff max_cycles: 0x1cd42e4dffb, max_idle_ns: 881590591483 ns
[    0.000000] Zone ranges:
[    0.000000]   DMA      [mem 0x0000000000001000-0x0000000000ffffff]
[    0.000000]   DMA32    [mem 0x0000000001000000-0x000000001ffeffff]
[    0.000000]   Normal   empty
[    0.000000]   Device   empty
[    0.000000] Movable zone start for each node
[    0.000000] Early memory node ranges
[    0.000000]   node   0: [mem 0x0000000000001000-0x000000000009efff]
[    0.000000]   node   0: [mem 0x0000000000100000-0x000000001ffeffff]
[    0.000000] Initmem setup node 0 [mem 0x0000000000001000-0x000000001ffeffff]
[    0.000000] ACPI: PM-Timer IO Port: 0x4008
[    0.000000] IOAPIC[0]: apic_id 1, version 32, address 0xfec00000, GSI 0-23
[    0.000000] ACPI: INT_SRC_OVR (bus 0 bus_irq 0 global_irq 2 dfl dfl)
[    0.000000] ACPI: INT_SRC_OVR (bus 0 bus_irq 9 global_irq 9 high level)
[    0.000000] Using ACPI (MADT) for SMP configuration information
[    0.000000] smpboot: Allowing 1 CPUs, 0 hotplug CPUs
[    0.000000] PM: Registered nosave memory: [mem 0x00000000-0x00000fff]
[    0.000000] PM: Registered nosave memory: [mem 0x0009f000-0x0009ffff]
[    0.000000] PM: Registered nosave memory: [mem 0x000a0000-0x000effff]
[    0.000000] PM: Registered nosave memory: [mem 0x000f0000-0x000fffff]
[    0.000000] e820: [mem 0x20000000-0xfebfffff] available for PCI devices
[    0.000000] Booting paravirtualized kernel on KVM
[    0.000000] clocksource: refined-jiffies: mask: 0xffffffff max_cycles: 0xffffffff, max_idle_ns: 7645519600211568 ns
[    0.000000] setup_percpu: NR_CPUS:512 nr_cpumask_bits:512 nr_cpu_ids:1 nr_node_ids:1
[    0.000000] PERCPU: Embedded 33 pages/cpu @ffff88001fc00000 s95448 r8192 d31528 u2097152
[    0.000000] Built 1 zonelists in Node order, mobility grouping on.  Total pages: 128888
[    0.000000] Policy zone: DMA32
[    0.000000] Kernel command line: BOOT_IMAGE=/boot/vmlinuz-4.4.0-169-generic root=LABEL=cloudimg-rootfs ro console=tty1 console=ttyS0
[    0.000000] PID hash table entries: 2048 (order: 2, 16384 bytes)
[    0.000000] Memory: 481772K/523832K available (8623K kernel code, 1336K rwdata, 4036K rodata, 1488K init, 1288K bss, 42060K reserved, 0K cma-reserved)
[    0.000000] SLUB: HWalign=64, Order=0-3, MinObjects=0, CPUs=1, Nodes=1
[    0.000000] Kernel/User page tables isolation: enabled
[    0.000000] Hierarchical RCU implementation.
[    0.000000] 	Build-time adjustment of leaf fanout to 64.
[    0.000000] 	RCU restricting CPUs from NR_CPUS=512 to nr_cpu_ids=1.
[    0.000000] RCU: Adjusting geometry for rcu_fanout_leaf=64, nr_cpu_ids=1
[    0.000000] NR_IRQS:33024 nr_irqs:256 16
[    0.000000] Console: colour VGA+ 80x25
[    0.000000] console [tty1] enabled
[    0.000000] console [ttyS0] enabled
[    0.000000] tsc: Detected 1097.507 MHz processor
[    0.508441] Calibrating delay loop (skipped) preset value.. 2195.01 BogoMIPS (lpj=4390028)
[    0.515853] pid_max: default: 32768 minimum: 301
[    0.518583] ACPI: Core revision 20150930
[    0.532224] ACPI: 2 ACPI AML tables successfully acquired and loaded
[    0.537508] Security Framework initialized
[    0.547004] Yama: becoming mindful.
[    0.549189] AppArmor: AppArmor initialized
[    0.551767] Dentry cache hash table entries: 65536 (order: 7, 524288 bytes)
[    0.555650] Inode-cache hash table entries: 32768 (order: 6, 262144 bytes)
[    0.571540] Mount-cache hash table entries: 1024 (order: 1, 8192 bytes)
[    0.581534] Mountpoint-cache hash table entries: 1024 (order: 1, 8192 bytes)
[    0.585494] Initializing cgroup subsys io
[    0.589646] Initializing cgroup subsys memory
[    0.593700] Initializing cgroup subsys devices
[    0.612955] Initializing cgroup subsys freezer
[    0.616981] Initializing cgroup subsys net_cls
[    0.662556] Initializing cgroup subsys perf_event
[    0.686046] Initializing cgroup subsys net_prio
[    0.692718] Initializing cgroup subsys hugetlb
[    0.718208] Initializing cgroup subsys pids
[    0.741744] mce: CPU supports 0 MCE banks
[    0.771462] process: using mwait in idle threads
[    0.792681] Last level iTLB entries: 4KB 512, 2MB 8, 4MB 8
[    0.798687] Last level dTLB entries: 4KB 512, 2MB 32, 4MB 32, 1GB 0
[    0.808177] Spectre V1 : Mitigation: usercopy/swapgs barriers and __user pointer sanitization
[    0.823768] Spectre V2 : Mitigation: Full generic retpoline
[    0.828415] Spectre V2 : Spectre v2 / SpectreRSB mitigation: Filling RSB on context switch
[    0.836479] Speculative Store Bypass: Vulnerable
[    0.842759] MDS: Vulnerable: Clear CPU buffers attempted, no microcode
[    0.945477] Freeing SMP alternatives memory: 36K
[    0.968408] ftrace: allocating 32301 entries in 127 pages
[    1.157048] smpboot: APIC(0) Converting physical 0 to logical package 0
[    1.164783] smpboot: Max logical packages: 1
[    1.170670] x2apic enabled
[    1.174058] Switched APIC routing to physical x2apic.
[    1.188336] ..TIMER: vector=0x30 apic1=0 pin1=2 apic2=-1 pin2=-1
[    1.303689] smpboot: CPU0: Intel(R) Celeron(R) CPU 847 @ 1.10GHz (family: 0x6, model: 0x2a, stepping: 0x7)
[    1.332729] Performance Events: unsupported p6 CPU model 42 no PMU driver, software events only.
[    1.370376] KVM setup paravirtual spinlock
[    1.392074] x86: Booted up 1 node, 1 CPUs
[    1.401778] smpboot: Total of 1 processors activated (2195.01 BogoMIPS)
[    1.423826] devtmpfs: initialized
[    1.430966] evm: security.selinux
[    1.434424] evm: security.SMACK64
[    1.436532] evm: security.SMACK64EXEC
[    1.438724] evm: security.SMACK64TRANSMUTE
[    1.441089] evm: security.SMACK64MMAP
[    1.443271] evm: security.ima
[    1.446679] evm: security.capability
[    1.456962] clocksource: jiffies: mask: 0xffffffff max_cycles: 0xffffffff, max_idle_ns: 7645041785100000 ns
[    1.471287] futex hash table entries: 256 (order: 2, 16384 bytes)
[    1.476806] pinctrl core: initialized pinctrl subsystem
[    1.482539] RTC time: 18:45:39, date: 03/29/20
[    1.487509] NET: Registered protocol family 16
[    1.490447] cpuidle: using governor ladder
[    1.494756] cpuidle: using governor menu
[    1.498771] PCCT header not found.
[    1.504608] ACPI: bus type PCI registered
[    1.508680] acpiphp: ACPI Hot Plug PCI Controller Driver version: 0.5
[    1.516363] PCI: Using configuration type 1 for base access
[    1.525310] ACPI: Added _OSI(Module Device)
[    1.534304] ACPI: Added _OSI(Processor Device)
[    1.536927] ACPI: Added _OSI(3.0 _SCP Extensions)
[    1.539556] ACPI: Added _OSI(Processor Aggregator Device)
[    1.544198] ACPI: Executed 1 blocks of module-level executable AML code
[    1.554777] ACPI: Interpreter enabled
[    1.559094] ACPI: (supports S0 S5)
[    1.561307] ACPI: Using IOAPIC for interrupt routing
[    1.571057] PCI: Using host bridge windows from ACPI; if necessary, use "pci=nocrs" and report a bug
[    1.588294] ACPI: PCI Root Bridge [PCI0] (domain 0000 [bus 00-ff])
[    1.593086] acpi PNP0A03:00: _OSC: OS supports [ASPM ClockPM Segments MSI]
[    1.598529] acpi PNP0A03:00: _OSC: not requesting OS control; OS requires [ExtendedConfig ASPM ClockPM MSI]
[    1.603769] acpi PNP0A03:00: fail to add MMCONFIG information, can't access extended PCI configuration space under this bridge.
[    1.612706] PCI host bridge to bus 0000:00
[    1.616221] pci_bus 0000:00: root bus resource [io  0x0000-0x0cf7 window]
[    1.619712] pci_bus 0000:00: root bus resource [io  0x0d00-0xffff window]
[    1.623143] pci_bus 0000:00: root bus resource [mem 0x000a0000-0x000bffff window]
[    1.628342] pci_bus 0000:00: root bus resource [mem 0x20000000-0xffdfffff window]
[    1.641246] pci_bus 0000:00: root bus resource [bus 00-ff]
[    1.649511] pci 0000:00:01.1: legacy IDE quirk: reg 0x10: [io  0x01f0-0x01f7]
[    1.654487] pci 0000:00:01.1: legacy IDE quirk: reg 0x14: [io  0x03f6]
[    1.657845] pci 0000:00:01.1: legacy IDE quirk: reg 0x18: [io  0x0170-0x0177]
[    1.661547] pci 0000:00:01.1: legacy IDE quirk: reg 0x1c: [io  0x0376]
[    1.702001] pci 0000:00:07.0: quirk: [io  0x4000-0x403f] claimed by PIIX4 ACPI
[    1.712262] pci 0000:00:07.0: quirk: [io  0x4100-0x410f] claimed by PIIX4 SMB
[    1.767440] ACPI: PCI Interrupt Link [LNKA] (IRQs 5 9 10 *11)
[    1.778195] ACPI: PCI Interrupt Link [LNKB] (IRQs 5 9 10 *11)
[    1.784391] ACPI: PCI Interrupt Link [LNKC] (IRQs 5 9 *10 11)
[    1.788854] ACPI: PCI Interrupt Link [LNKD] (IRQs 5 *9 10 11)
[    1.793502] ACPI: Enabled 2 GPEs in block 00 to 07
[    1.798606] vgaarb: setting as boot device: PCI:0000:00:02.0
[    1.803381] vgaarb: device added: PCI:0000:00:02.0,decodes=io+mem,owns=io+mem,locks=none
[    1.809851] vgaarb: loaded
[    1.811773] vgaarb: bridge control possible 0000:00:02.0
[    1.824124] SCSI subsystem initialized
[    1.827946] ACPI: bus type USB registered
[    1.830597] usbcore: registered new interface driver usbfs
[    1.834798] usbcore: registered new interface driver hub
[    1.837829] usbcore: registered new device driver usb
[    1.842678] PCI: Using ACPI for IRQ routing
[    1.846184] NetLabel: Initializing
[    1.850572] NetLabel:  domain hash size = 128
[    1.854376] NetLabel:  protocols = UNLABELED CIPSOv4
[    1.863691] NetLabel:  unlabeled traffic allowed by default
[    1.867054] amd_nb: Cannot enumerate AMD northbridges
[    1.869914] clocksource: Switched to clocksource kvm-clock
[    1.896122] AppArmor: AppArmor Filesystem Enabled
[    1.906701] pnp: PnP ACPI init
[    1.911055] pnp: PnP ACPI: found 3 devices
[    1.924747] clocksource: acpi_pm: mask: 0xffffff max_cycles: 0xffffff, max_idle_ns: 2085701024 ns
[    1.931029] NET: Registered protocol family 2
[    1.936840] TCP established hash table entries: 4096 (order: 3, 32768 bytes)
[    1.942057] TCP bind hash table entries: 4096 (order: 4, 65536 bytes)
[    1.948719] TCP: Hash tables configured (established 4096 bind 4096)
[    1.952140] UDP hash table entries: 256 (order: 1, 8192 bytes)
[    1.962156] UDP-Lite hash table entries: 256 (order: 1, 8192 bytes)
[    1.965522] NET: Registered protocol family 1
[    1.968040] pci 0000:00:00.0: Limiting direct PCI/PCI transfers
[    1.971263] pci 0000:00:01.0: Activating ISA DMA hang workarounds
[    1.974836] Unpacking initramfs...
[    2.662368] Freeing initrd memory: 14836K
[    2.671668] RAPL PMU detected, API unit is 2^-32 Joules, 3 fixed counters 10737418240 ms ovfl timer
[    2.676554] hw unit of domain pp0-core 2^-0 Joules
[    2.691731] hw unit of domain package 2^-0 Joules
[    2.697139] hw unit of domain pp1-gpu 2^-0 Joules
[    2.708119] clocksource: tsc: mask: 0xffffffffffffffff max_cycles: 0xfd1e656c71, max_idle_ns: 440795237152 ns
[    2.713908] platform rtc_cmos: registered platform RTC device (no PNP device found)
[    2.731869] Scanning for low memory corruption every 60 seconds
[    2.735848] audit: initializing netlink subsys (disabled)
[    2.740184] audit: type=2000 audit(1585507546.714:1): initialized
[    2.745470] Initialise system trusted keyring
[    2.750355] HugeTLB registered 2 MB page size, pre-allocated 0 pages
[    2.757476] zbud: loaded
[    2.760299] VFS: Disk quotas dquot_6.6.0
[    2.763919] VFS: Dquot-cache hash table entries: 512 (order 0, 4096 bytes)
[    2.768041] squashfs: version 4.0 (2009/01/31) Phillip Lougher
[    2.779748] fuse init (API version 7.23)
[    2.783639] Key type big_key registered
[    2.786049] Allocating IMA MOK and blacklist keyrings.
[    2.789689] Key type asymmetric registered
[    2.794142] Asymmetric key parser 'x509' registered
[    2.796971] Block layer SCSI generic (bsg) driver version 0.4 loaded (major 249)
[    2.825837] io scheduler noop registered
[    2.828973] io scheduler deadline registered (default)
[    2.840779] io scheduler cfq registered
[    2.862014] pci_hotplug: PCI Hot Plug PCI Core version: 0.5
[    2.893958] pciehp: PCI Express Hot Plug Controller Driver version: 0.4
[    2.915121] ACPI: AC Adapter [AC] (on-line)
[    2.923413] input: Power Button as /devices/LNXSYSTM:00/LNXPWRBN:00/input/input0
[    2.935135] ACPI: Power Button [PWRF]
[    2.937490] input: Sleep Button as /devices/LNXSYSTM:00/LNXSLPBN:00/input/input1
[    2.994460] ACPI: Sleep Button [SLPF]
[    3.029716] ACPI: Battery Slot [BAT0] (battery present)
[    3.078016] GHES: HEST is not enabled!
[    3.103634] Serial: 8250/16550 driver, 32 ports, IRQ sharing enabled
[    3.147212] 00:02: ttyS0 at I/O 0x3f8 (irq = 4, base_baud = 115200) is a 16550A
[    3.172975] Linux agpgart interface v0.103
[    3.207270] loop: module loaded
[    3.228722] scsi host0: ata_piix
[    3.254935] scsi host1: ata_piix
[    3.280322] ata1: PATA max UDMA/33 cmd 0x1f0 ctl 0x3f6 bmdma 0xd000 irq 14
[    3.313358] ata2: PATA max UDMA/33 cmd 0x170 ctl 0x376 bmdma 0xd008 irq 15
[    3.358394] libphy: Fixed MDIO Bus: probed
[    3.381276] tun: Universal TUN/TAP device driver, 1.6
[    3.406432] tun: (C) 1999-2004 Max Krasnyansky <maxk@qualcomm.com>
[    3.428065] PPP generic driver version 2.4.2
[    3.454627] ehci_hcd: USB 2.0 'Enhanced' Host Controller (EHCI) Driver
[    3.458062] ehci-pci: EHCI PCI platform driver
[    3.470440] ehci-platform: EHCI generic platform driver
[    3.479792] ohci_hcd: USB 1.1 'Open' Host Controller (OHCI) Driver
[    3.524705] ohci-pci: OHCI PCI platform driver
[    3.542191] ohci-platform: OHCI generic platform driver
[    3.544963] uhci_hcd: USB Universal Host Controller Interface driver
[    3.551045] i8042: PNP: PS/2 Controller [PNP0303:PS2K,PNP0f03:PS2M] at 0x60,0x64 irq 1,12
[    3.558777] serio: i8042 KBD port at 0x60,0x64 irq 1
[    3.565936] serio: i8042 AUX port at 0x60,0x64 irq 12
[    3.584043] mousedev: PS/2 mouse device common for all mice
[    3.601509] input: AT Translated Set 2 keyboard as /devices/platform/i8042/serio0/input/input2
[    3.614774] rtc_cmos rtc_cmos: rtc core: registered rtc_cmos as rtc0
[    3.621346] rtc_cmos rtc_cmos: alarms up to one day, 114 bytes nvram
[    3.652211] i2c /dev entries driver
[    3.671744] device-mapper: uevent: version 1.0.3
[    3.679574] device-mapper: ioctl: 4.34.0-ioctl (2015-10-28) initialised: dm-devel@redhat.com
[    3.687377] ledtrig-cpu: registered to indicate activity on CPUs
[    3.693170] NET: Registered protocol family 10
[    3.697927] NET: Registered protocol family 17
[    3.701934] Key type dns_resolver registered
[    3.706735] registered taskstats version 1
[    3.710798] Loading compiled-in X.509 certificates
[    3.729070] Loaded X.509 cert 'Build time autogenerated kernel key: ef3203c14e3994470d47ef6a7e15c1ade40f8e1e'
[    3.745033] zswap: loaded using pool lzo/zbud
[    3.758145] Key type trusted registered
[    3.775465] Key type encrypted registered
[    3.779485] AppArmor: AppArmor sha1 policy hashing enabled
[    3.784928] ima: No TPM chip found, activating TPM-bypass!
[    3.789104] ima: Allocated hash algorithm: sha1
[    3.794940] evm: HMAC attrs: 0x1
[    3.800576]   Magic number: 12:307:798
[    3.806928] rtc_cmos rtc_cmos: setting system clock to 2020-03-29 18:45:42 UTC (1585507542)
[    3.817494] BIOS EDD facility v0.16 2004-Jun-25, 0 devices found
[    3.822998] EDD information not available.
[    3.831454] Freeing unused kernel memory: 1488K
[    3.835409] Write protecting the kernel read-only data: 14336k
[    3.841133] Freeing unused kernel memory: 1604K
[    3.845479] Freeing unused kernel memory: 60K
Loading, please wait...
starting version 229
[    3.896153] random: systemd-udevd: uninitialized urandom read (16 bytes read, 3 bits of entropy available)
[    3.907541] random: udevadm: uninitialized urandom read (16 bytes read, 3 bits of entropy available)
[    3.921150] random: systemd-udevd: uninitialized urandom read (16 bytes read, 3 bits of entropy available)
[    3.929645] random: systemd-udevd: uninitialized urandom read (16 bytes read, 3 bits of entropy available)
[    3.935058] random: udevadm: uninitialized urandom read (16 bytes read, 3 bits of entropy available)
[    3.940058] random: systemd-udevd: uninitialized urandom read (16 bytes read, 3 bits of entropy available)
[    3.986659] random: systemd-udevd: uninitialized urandom read (16 bytes read, 3 bits of entropy available)
[    4.017153] random: udevadm: uninitialized urandom read (16 bytes read, 3 bits of entropy available)
[    4.031293] random: systemd-udevd: uninitialized urandom read (16 bytes read, 3 bits of entropy available)
[    4.037901] random: systemd-udevd: uninitialized urandom read (16 bytes read, 3 bits of entropy available)
[    4.340652] e1000: Intel(R) PRO/1000 Network Driver - version 7.3.21-k8-NAPI
[    4.357902] e1000: Copyright (c) 1999-2006 Intel Corporation.
[    4.377370] Fusion MPT base driver 3.04.20
[    4.386758] Copyright (c) 1999-2008 LSI Corporation
[    4.499594] Fusion MPT SPI Host driver 3.04.20
[    4.526722] mptbase: ioc0: Initiating bringup
[    4.594907] ioc0: LSI53C1030 A0: Capabilities={Initiator}
[    4.635243] input: ImExPS/2 Generic Explorer Mouse as /devices/platform/i8042/serio1/input/input4
[    4.802042] scsi host2: ioc0: LSI53C1030 A0, FwRev=00000000h, Ports=1, MaxQ=256, IRQ=20
[    4.925577] scsi 2:0:0:0: Direct-Access     VBOX     HARDDISK         1.0  PQ: 0 ANSI: 5
[    4.931179] scsi target2:0:0: Beginning Domain Validation
[    4.944434] scsi target2:0:0: Domain Validation skipping write tests
[    4.951489] scsi target2:0:0: Ending Domain Validation
[    4.970166] scsi target2:0:0: asynchronous
[    5.006982] scsi 2:0:1:0: Direct-Access     VBOX     HARDDISK         1.0  PQ: 0 ANSI: 5
[    5.020630] scsi target2:0:1: Beginning Domain Validation
[    5.098271] scsi target2:0:1: Domain Validation skipping write tests
[    5.103036] scsi target2:0:1: Ending Domain Validation
[    5.112596] scsi target2:0:1: asynchronous
[    5.288118] sd 2:0:0:0: Attached scsi generic sg0 type 0
[    5.297741] sd 2:0:0:0: [sda] 20971520 512-byte logical blocks: (10.7 GB/10.0 GiB)
[    5.344471] sd 2:0:1:0: [sdb] 20480 512-byte logical blocks: (10.5 MB/10.0 MiB)
[    5.369103] sd 2:0:1:0: Attached scsi generic sg1 type 0
[    5.419044] sd 2:0:1:0: [sdb] Write Protect is off
[    5.468970] sd 2:0:0:0: [sda] Write Protect is off
[    5.543345] sd 2:0:0:0: [sda] Incomplete mode parameter data
[    5.583492] sd 2:0:0:0: [sda] Assuming drive cache: write through
[    5.591402] sd 2:0:1:0: [sdb] Incomplete mode parameter data
[    5.609483] sd 2:0:1:0: [sdb] Assuming drive cache: write through
[    5.706502]  sda: sda1
[    5.744967] sd 2:0:1:0: [sdb] Attached SCSI disk
[    5.787868] e1000 0000:00:03.0 eth0: (PCI:33MHz:32-bit) 02:39:67:e0:78:98
[    5.835326] e1000 0000:00:03.0 eth0: Intel(R) PRO/1000 Network Connection
[    5.889550] sd 2:0:0:0: [sda] Attached SCSI disk
[    6.523466] e1000 0000:00:08.0 eth1: (PCI:33MHz:32-bit) 08:00:27:59:fa:2c
[    6.595026] e1000 0000:00:08.0 eth1: Intel(R) PRO/1000 Network Connection
[    6.611875] e1000 0000:00:08.0 enp0s8: renamed from eth1
[    6.626208] e1000 0000:00:03.0 enp0s3: renamed from eth0
Begin: Loading essential drivers ... [    8.660198] md: linear personality registered for level -1
[    8.678028] md: multipath personality registered for level -4
[    8.699389] md: raid0 personality registered for level 0
[    8.721014] md: raid1 personality registered for level 1
[    8.814392] raid6: sse2x1   gen()  2662 MB/s
[    8.894408] raid6: sse2x1   xor()  2122 MB/s
[    8.970434] raid6: sse2x2   gen()  3453 MB/s
[    9.046424] raid6: sse2x2   xor()  2477 MB/s
[    9.121929] raid6: sse2x4   gen()  3976 MB/s
[    9.197935] raid6: sse2x4   xor()  3003 MB/s
[    9.209409] raid6: using algorithm sse2x4 gen() 3976 MB/s
[    9.212683] raid6: .... xor() 3003 MB/s, rmw enabled
[    9.215447] raid6: using ssse3x2 recovery algorithm
[    9.231514] xor: measuring software checksum speed
[    9.277943]    prefetch64-sse:  5453.000 MB/sec
[    9.325951]    generic_sse:  5533.000 MB/sec
[    9.341255] xor: using function: generic_sse (5533.000 MB/sec)
[    9.356132] async_tx: api initialized (async)
[    9.446653] md: raid6 personality registered for level 6
[    9.479377] md: raid5 personality registered for level 5
[    9.509218] md: raid4 personality registered for level 4
[    9.555876] md: raid10 personality registered for level 10
done.
Begin: Running /scripts/init-premount ... done.
Begin: Mounting root file system ... Begin: Running /scripts/local-top ... done.
Begin: Running /scripts/local-premount ... [    9.702548] Btrfs loaded
Scanning for Btrfs filesystems
done.
Warning: fsck not present, so skipping root file system
[    9.948563] EXT4-fs (sda1): mounted filesystem with ordered data mode. Opts: (null)
done.
Begin: Running /scripts/local-bottom ... done.
Begin: Running /scripts/init-bottom ... done.
[   10.413076] random: nonblocking pool is initialized
[   11.022047] systemd[1]: systemd 229 running in system mode. (+PAM +AUDIT +SELINUX +IMA +APPARMOR +SMACK +SYSVINIT +UTMP +LIBCRYPTSETUP +GCRYPT +GNUTLS +ACL +XZ -LZ4 +SECCOMP +BLKID +ELFUTILS +KMOD -IDN)
[   11.035889] systemd[1]: Detected virtualization oracle.
[   11.040189] systemd[1]: Detected architecture x86-64.

Welcome to [1mUbuntu 16.04.6 LTS[0m!

[   11.126701] systemd[1]: Set hostname to <ubuntu>.
[   11.209698] systemd[1]: Initializing machine ID from random generator.
[   11.257556] systemd[1]: Installed transient /etc/machine-id file.
[   12.916819] systemd[1]: Listening on LVM2 poll daemon socket.
[[0;32m  OK  [0m] Listening on LVM2 poll daemon socket.
[   12.999690] systemd[1]: Created slice System Slice.
[[0;32m  OK  [0m] Created slice System Slice.
[   13.084023] systemd[1]: Created slice system-serial\x2dgetty.slice.
[[0;32m  OK  [0m] Created slice system-serial\x2dgetty.slice.
[   13.161802] systemd[1]: Created slice User and Session Slice.
[[0;32m  OK  [0m] Created slice User and Session Slice.
[   13.190839] systemd[1]: Reached target System Time Synchronized.
[[0;32m  OK  [0m] Reached target System Time Synchronized.
[   13.244774] systemd[1]: Reached target Slices.
[[0;32m  OK  [0m] Reached target Slices.
[   13.256190] systemd[1]: Listening on Journal Socket.
[[0;32m  OK  [0m] Listening on Journal Socket.
[   13.269016] systemd[1]: Starting Remount Root and Kernel File Systems...
         Starting Remount Root and Kernel File Systems...
[   13.285574] systemd[1]: Starting Uncomplicated firewall...
         Starting Uncomplicated firewall...
[   13.300809] systemd[1]: Starting Nameserver information manager...
         Starting Nameserver information manager...
[   13.319656] systemd[1]: Mounting Huge Pages File System...
         Mounting Huge Pages File System...
[   13.363324] systemd[1]: Listening on Journal Socket (/dev/log).
[   13.400246] EXT4-fs (sda1): re-mounted. Opts: (null)
[[0;32m  OK  [0m] Listening on Journal Socket (/dev/log).
[   13.422257] systemd[1]: Listening on Journal Audit Socket.
[[0;32m  OK  [0m] Listening on Journal Audit Socket.
[   13.434736] systemd[1]: Reached target Swap.
[[0;32m  OK  [0m] Reached target Swap.
[   13.447106] systemd[1]: Started Forward Password Requests to Wall Directory Watch.
[[0;32m  OK  [0m] Started Forward Password Requests to Wall Directory Watch.
[   13.459480] systemd[1]: Mounting Debug File System...
         Mounting Debug File System...
[   13.479632] systemd[1]: Listening on udev Control Socket.
[[0;32m  OK  [0m] Listening on udev Control Socket.
[   13.498391] systemd[1]: Set up automount Arbitrary Executable File Formats File System Automount Point.
[[0;32m  OK  [0m] Set up automount Arbitrary Executab...ats File System Automount Point.
[   13.542913] systemd[1]: Listening on Device-mapper event daemon FIFOs.
[[0;32m  OK  [0m] Listening on Device-mapper event daemon FIFOs.
[   13.606687] systemd[1]: Reached target Encrypted Volumes.
[[0;32m  OK  [0m] Reached target Encrypted Volumes.
[   13.662847] systemd[1]: Listening on Syslog Socket.
[[0;32m  OK  [0m] Listening on Syslog Socket.
[   13.738346] systemd[1]: Starting Journal Service...
         Starting Journal Service...
[   13.806994] systemd[1]: Listening on /dev/initctl Compatibility Named Pipe.
[[0;32m  OK  [0m] Listening on /dev/initctl Compatibility Named Pipe.
[   13.901189] systemd[1]: Starting Set console keymap...
         Starting Set console keymap...
[   13.977241] systemd[1]: Mounting POSIX Message Queue File System...
         Mounting POSIX Message Queue File System...
[   14.082734] systemd[1]: Listening on LVM2 metadata daemon socket.
[[0;32m  OK  [0m] Listening on LVM2 metadata daemon socket.
[   14.165053] systemd[1]: Starting Monitoring of LVM2 mirrors, snapshots etc. using dmeventd or progress polling...
         Starting Monitoring of LVM2 mirrors... dmeventd or progress polling...
[   14.336873] systemd[1]: Started Trigger resolvconf update for networkd DNS.
[[0;32m  OK  [0m] Started Trigger resolvconf update for networkd DNS.
[   14.409711] systemd[1]: Reached target User and Group Name Lookups.
[[0;32m  OK  [0m] Reached target User and Group Name Lookups.
[   14.469339] systemd[1]: Starting Create list of required static device nodes for the current kernel...
         Starting Create list of required st... nodes for the current kernel...
[   14.511334] systemd[1]: Listening on udev Kernel Socket.
[[0;32m  OK  [0m] Listening on udev Kernel Socket.
[   14.581200] systemd[1]: Starting Load Kernel Modules...
         Starting Load Kernel Modules...
[   14.615033] systemd[1]: Mounted Debug File System.
[[0;32m  OK  [0m] Mounted Debug File System.
[   14.650263] systemd[1]: Mounted Huge Pages File System.
[[0;32m  OK  [0m] Mounted Huge Pages File System.
[   14.663451] systemd[1]: Mounted POSIX Message Queue File System.
[[0;32m  OK  [0m] Mounted POSIX Message Queue File System.
[   14.680853] systemd[1]: Started Journal Service.
[[0;32m  OK  [0m] Started Journal Service.
[[0;32m  OK  [0m] Started Remount Root and Kernel File Systems.
[[0;32m  OK  [0m] Started Uncomplicated firewall.[   14.725611] Loading iSCSI transport class v2.0-870.

[[0;32m  OK  [0m] Started Set console keymap.
[[0;32m  OK  [0m] Started Create list of required sta...ce nodes for the current kernel.
[[0;32m  OK  [0m] Started Nameserver information manager.
[   14.854477] iscsi: registered transport (tcp)
[[0;32m  OK  [0m] Started LVM2 metadata daemon.
         Starting Create Static Device Nodes in /dev...
         Starting udev Coldplug all Devices...
         Starting Load/Sa[   15.243918] iscsi: registered transport (iser)
ve Random Seed...
         Starting Flush Journal to Persistent Storage...
[[0;32m  OK  [0m] Started Load Kernel Modules.
[[0;32m  OK  [0m] Started Load/Save Random Seed.
[[0;32m  OK  [0m] Started Monitoring of LVM2 mirrors,...ng dmeventd or progress polling.
[[0;32m  OK  [0m] Started Create Static Device Nodes in /dev.
[   15.726133] systemd-journald[358]: Received request to flush runtime journal from PID 1
         Starting udev Kernel Device Manager...
[[0;32m  OK  [0m] Reached target Local File Systems (Pre).
[[0;32m  OK  [0m] Reached target Local File Systems.
         Starting Commit a transient machine-id on disk...
         Starting LSB: AppArmor initialization...
         Starting Initial cloud-init job (pre-networking)...
         Starting Tell Plymouth To Write Out Runtime Data...
         Starting Set console font and keymap...
         Mounting FUSE Control File System...
         Starting Apply Kernel Variables...
[[0;32m  OK  [0m] Mounted FUSE Control File System.
[[0;32m  OK  [0m] Started Flush Journal to Persistent Storage.
[[0;32m  OK  [0m] Started udev Coldplug all Devices.
[[0;32m  OK  [0m] Started Commit a transient machine-id on disk.
         Starting Create Volatile Files and Directories...
[[0;32m  OK  [0m] Started Tell Plymouth To Write Out Runtime Data.
[[0;32m  OK  [0m] Started Create Volatile Files and Directories.
[[0;32m  OK  [0m] Started Apply Kernel Variables.
         Starting Update UTMP about System Boot/Shutdown...
[[0;32m  OK  [0m] Started Update UTMP about System Boot/Shutdown.
[[0;32m  OK  [0m] Started udev Kernel Device Manager.
[[0;32m  OK  [0m] Started Dispatch Password Requests to Console Directory Watch.
[[0;32m  OK  [0m] Found device /dev/ttyS0.
[[0;32m  OK  [0m] Listening on Load/Save RF Kill Switch Status /dev/rfkill Watch.
[[0;32m  OK  [0m] Started LSB: AppArmor initialization.
[   27.121114] cloud-init[448]: Cloud-init v. 19.2-36-g059d049c-0ubuntu2~16.04.1 running 'init-local' at Sun, 29 Mar 2020 18:46:03 +0000. Up 23.95 seconds.
[[0;32m  OK  [0m] Started Initial cloud-init job (pre-networking).
[[0;32m  OK  [0m] Reached target Network (Pre).
         Starting Raise network interfaces...
[[0;32m  OK  [0m] Started Set console font and keymap.
[[0;32m  OK  [0m] Created slice system-getty.slice.
[[0;32m  OK  [0m] Started Raise network interfaces.
[[0;32m  OK  [0m] Reached target Network.
         Starting Initial cloud-init job (metadata service crawler)...
[   32.845667] cloud-init[960]: Cloud-init v. 19.2-36-g059d049c-0ubuntu2~16.04.1 running 'init' at Sun, 29 Mar 2020 18:46:09 +0000. Up 29.48 seconds.
[   32.870859] cloud-init[960]: ci-info: ++++++++++++++++++++++++++++++++++++++Net device info+++++++++++++++++++++++++++++++++++++++
[   32.883661] cloud-init[960]: ci-info: +--------+-------+----------------------------+---------------+--------+-------------------+
[   32.895995] cloud-init[960]: ci-info: | Device |   Up  |          Address           |      Mask     | Scope  |     Hw-Address    |
[   32.908907] cloud-init[960]: ci-info: +--------+-------+----------------------------+---------------+--------+-------------------+
[   32.916558] cloud-init[960]: ci-info: | enp0s3 |  True |         10.0.2.15          | 255.255.255.0 | global | 02:39:67:e0:78:98 |
[   32.925958] cloud-init[960]: ci-info: | enp0s3 |  True | fe80::39:67ff:fee0:7898/64 |       .       |  link  | 02:39:67:e0:78:98 |
[   32.933367] cloud-init[960]: ci-info: | enp0s8 | False |             .              |       .       |   .    | 08:00:27:59:fa:2c |
[   32.943817] cloud-init[960]: ci-info: |   lo   |  True |         127.0.0.1          |   255.0.0.0   |  host  |         .         |
[   32.958860] cloud-init[960]: ci-info: |   lo   |  True |          ::1/128           |       .       |  host  |         .         |
[   32.998094] cloud-init[960]: ci-info: +--------+-------+----------------------------+---------------+--------+-------------------+
[   33.009680] cloud-init[960]: ci-info: +++++++++++++++++++++++++++Route IPv4 info++++++++++++++++++++++++++++
[   33.021853] cloud-init[960]: ci-info: +-------+-------------+----------+---------------+-----------+-------+
[   33.042507] cloud-init[960]: ci-info: | Route | Destination | Gateway  |    Genmask    | Interface | Flags |
[   33.056804] cloud-init[960]: ci-info: +-------+-------------+----------+---------------+-----------+-------+
[   33.068272] cloud-init[960]: ci-info: |   0   |   0.0.0.0   | 10.0.2.2 |    0.0.0.0    |   enp0s3  |   UG  |
[   33.075017] cloud-init[960]: ci-info: |   1   |   10.0.2.0  | 0.0.0.0  | 255.255.255.0 |   enp0s3  |   U   |
[   33.091965] cloud-init[960]: ci-info: +-------+-------------+----------+---------------+-----------+-------+
[   33.104964] cloud-init[960]: ci-info: +++++++++++++++++++Route IPv6 info+++++++++++++++++++
[   33.112685] cloud-init[960]: ci-info: +-------+-------------+---------+-----------+-------+
[   33.123511] cloud-init[960]: ci-info: | Route | Destination | Gateway | Interface | Flags |
[   33.133562] cloud-init[960]: ci-info: +-------+-------------+---------+-----------+-------+
[   33.141229] cloud-init[960]: ci-info: |   0   |  fe80::/64  |    ::   |   enp0s3  |   U   |
[   33.150226] cloud-init[960]: ci-info: |   4   |   ff00::/8  |    ::   |   enp0s3  |   U   |
[   33.156981] cloud-init[960]: ci-info: +-------+-------------+---------+-----------+-------+
[   33.163049] cloud-init[960]: Generating public/private rsa key pair.
[   33.179448] cloud-init[960]: Your identification has been saved in /etc/ssh/ssh_host_rsa_key.
[   33.199523] cloud-init[960]: Your public key has been saved in /etc/ssh/ssh_host_rsa_key.pub.
[   33.209984] cloud-init[960]: The key fingerprint is:
[   33.216262] cloud-init[960]: SHA256:miOA0exJ5tBzYCi/FPWpNDs1p9bRFQamnpdSxUxyUC0 root@ubuntu-xenial
[   33.250557] cloud-init[960]: The key's randomart image is:
[[0;32m  OK  [0m] Started Initial cloud-init job (metadata service crawler).
[   33.260824] [[0;32m  OK  [0m] Reached target Network is Online.cloud-init[960]: +---[RSA 2048]----+
         
[   33.285490] cloud-init[960]: | .o..     =BOo   |
[   33.288039] cloud-init[960]: |o=.. . . + *E .  |
[   33.295957] cloud-init[960]: |+.B.+ = + o  .   |
[   33.300683] cloud-init[960]: | Oo= = * + .     |Starting iSCSI initiator daemon (iscsid)...

[   33.309429] cloud-init[960]: [[0;32m  OK  [0m] Reached target Cloud-config availability.
[[0;32m  OK  [0m] Reached target System Initialization.
|..=.+ o S o      |
[   33.324541] cloud-init[960]: |  .. o o o       |
[   33.334546] cloud-init[960]: |    . +          |
[   33.344865] cloud-init[960]: |     . .         |
[[   33.360708] cloud-init[960]: |                 |
[   33.363754] [0;32m  OK  [0m] Started ACPI Events Check.
[[0;32m  OK  [0mcloud-init[960]: +----[SHA256]-----+
[   33.369281] cloud-init[960]: Generating public/private dsa key pair.
[   33.369510] cloud-init[960]: Your identification has been saved in /etc/ssh/ssh_host_dsa_key.
[   33.369756] cloud-init[960]: Your public key has been saved in /etc/ssh/ssh_host_dsa_key.pub.
[   33.369987] cloud-init[960]: The key fingerprint is:
] Reached target Paths.
[[0;32m  OK  [0m] Started Daily apt download activities.[   33.396953] cloud-init[960]: SHA256:YsWCGSaXUXHauZczCZFDBT1us0hsUT+2YyR+a5vf8us root@ubuntu-xenial
[   33.397867] cloud-init[960]: The key's randomart image is:
[   33.398089] cloud-init[960]: +---[DSA 1024]----+
[   33.398578] cloud-init[960]: |  . =+oo=*o      |

[[0;32m  OK  [0m] [   33.402483] cloud-init[960]: |   +.+ =+oo.     |
[   33.441108] cloud-init[960]: |    o o.*+..=    |
[   33.441378] cloud-init[960]: |       o+++* o   |
[   33.441587] cloud-init[960]: |      ooSoBo=    |
[   33.441831] cloud-init[960]: |     . ....= o   |
[   33.442036] cloud-init[960]: |            o    |
[   33.442298] cloud-init[960]: |           . o.. |
[   33.442504] cloud-init[960]: |            o.oE+|
[   33.442741] cloud-init[960]: +----[SHA256]-----+
[   33.442955] cloud-init[960]: Generating public/private ecdsa key pair.
[   33.443207] cloud-init[960]: Your identification has been saved in /etc/ssh/ssh_host_ecdsa_key.
[   33.443420] cloud-init[960]: Your public key has been saved in /etc/ssh/ssh_host_ecdsa_key.pub.
Started Message of the Day.
[[0;32m  OK  [0m] Listening on ACPID Listen Socket.
[[0;32m  OK  [0m] Listening on UUID daemon activation socket.
[[0;32m  OK  [0m[   33.443639] cloud-init[960]: The key fingerprint is:
[   33.488578] cloud-init[960]: SHA256:5tkcSnLfj+DkQ7mNXvd/j4aa4N2YNXjwACi7Lk4/B98 root@ubuntu-xenial
[   33.488852] cloud-init[960]: The key's randomart image is:
[   33.489057] cloud-init[960]: +---[ECDSA 256]---+
] Started Daily apt upgrade and clean activities.
         Starting Socket activation for snappy daemon.
[[0;32m  OK  [0m] Started Daily Cleanup of Temporary Directories.
[[0;32m  OK  [0m] Reached target Timers.
[   33.499574] cloud-init[960]: |                 |
[   33.531491] cloud-init[960]: [[0;32m  OK  [0m] Listening on D-Bus System Message Bus Socket.
|       .         |
[   33.543138] cloud-init[960]: |    . . .        |         
[   33.553216] cloud-init[960]: |     o   .       |Starting LXD - unix socket.

[   33.565446] cloud-init[[0;32m  OK  [0m[960]: |    . . S +.     |
[   33.578500] cloud-init] Listening on Socket activation for snappy daemon.[960]: |    .. * *oB     |
[[0;32m  OK  [0m] Listening on LXD - unix socket.

[   33.602164] cloud-init[960]: |  . .o .=.B+B..  |
[   33.620938] cloud-init[960]: | ..o. o.E*+Xo=.o.|
[   33.635036] [[0;32m  OK  [0m] Started iSCSI initiator daemon (iscsid).
cloud-init[960]: | ...oo  ..Xoo.o B|
[   33.665262] cloud-init[960]: +----[SHA256]-----+
[   33.680578] cloud-init[960]: Generating public/private ed25519 key pair.
[   33.697094] cloud-init[960]: Your identification has been saved in /etc/ssh/ssh_host_ed25519_key.
         Starting Login to default iSCSI targets...
[   33.722920] cloud-init[960]: Your public key has been saved in /etc/ssh/ssh_host_ed25519_key.pub.
[[0;32m  OK  [0m[   33.748513] cloud-init[960]: The key fingerprint is:
[   33.749363] cloud-init[960]: SHA256:pLiKXU0zazN/ysmX8WAxktVL3hrGlDy54mrfVhAU2Gw root@ubuntu-xenial
[   33.749577] cloud-init[960]: The key's randomart image is:
[   33.749826] cloud-init[960]: +--[ED25519 256]--+
[   33.750033] cloud-init[960]: |           Bo+   |
] Reached target Sockets.
[[0;32m  OK  [0m] Reached target Basic System.[   33.758897] cloud-init[960]: |          o E    |

[   33.776602] cloud-init[960]: |        .o * *   |
[   33.781354] cloud-init[960]: |     . oo + O .  |
         Starting LSB: Record successful boot for GRUB...
[   33.803151] cloud-init[960]: |    . = So = +   |
[   33.818982] cloud-init[960]: |     + +  = . .  |
[   33.819289] cloud-init[960]: |    o *  o = .   |
[   33.819513] cloud-init[960]: | o o . *o.+.o    |
         Starting Accounts Service...
[   33.830510] cloud-init[960]: |. o    .*=...    |
[   33.852921] cloud-init[960]: +----[SHA256]-----+
         Starting System Logging Service...
         Starting LXD - container startup/shutdown...
[[0;32m  OK  [0m] Started Regular background program processing daemon.
         Starting Virtualbox guest utils...
         Starting /etc/rc.local Compatibility...
[[0;32m  OK  [0m] Started ACPI event daemon.
[[0;32m  OK  [0m] Started Deferred execution scheduler.
[[0;32m  OK  [0m] Started D-Bus System Message Bus.
[[0;32m  OK  [0m] Started FUSE filesystem for LXC.
         Starting Login Service...
         Starting LSB: MD monitoring daemon...
         Starting Pollinate to seed the pseudo random number generator...
         Starting Snappy daemon...
[[0;32m  OK  [0m] Started System Logging Service.
[[0;32m  OK  [0m] Started /etc/rc.local Compatibility.
[[0;32m  OK  [0m] Started Login to default iSCSI targets.
[[0;32m  OK  [0m] Started LSB: Record successful boot for GRUB.
         Starting Authenticate and Authorize Users to Run Privileged Tasks...
[[0;32m  OK  [0m] Reached target Remote File Systems (Pre).
[[0;32m  OK  [0m] Reached target Remote File Systems.
         Starting LSB: automatic crash report generation...
         Starting Permit User Sessions...
         Starting LSB: Set the CPU Frequency Scaling governor to "ondemand"...
         Starting LSB: daemon to balance interrupts for SMP systems...
[[0;32m  OK  [0m] Started LSB: MD monitoring daemon.
[[0;32m  OK  [0m] Started Permit User Sessions.
[[0;32m  OK  [0m] Started Login Service.
[[0;32m  OK  [0m] Started Unattended Upgrades Shutdown.
         Starting Hold until boot process finishes up...
         Starting Terminate Plymouth Boot Screen...
[[0;32m  OK  [0m] Started Hold until boot process finishes up.
[[0;32m  OK  [0m] Started Terminate Plymouth Boot Screen.
[[0;32m  OK  [0m] Started Serial Getty on ttyS0.
[[0;32m  OK  [0m] Started Getty on tty1.
[[0;32m  OK  [0m] Reached target Login Prompts.
         Starting Set console scheme...
[[0;32m  OK  [0m] Started LSB: Set the CPU Frequency Scaling governor to "ondemand".
[[0;32m  OK  [0m] Started Set console scheme.
[[0;32m  OK  [0m] Started LSB: automatic crash report generation.
[[0;32m  OK  [0m] Started LSB: daemon to balance interrupts for SMP systems.
[[0;32m  OK  [0m] Started Authenticate and Authorize Users to Run Privileged Tasks.
[[0;32m  OK  [0m] Started Accounts Service.
[[0;32m  OK  [0m] Started Virtualbox guest utils.
[[0;32m  OK  [0m] Started LXD - container startup/shutdown.
[[0;32m  OK  [0m] Started Snappy daemon.
         Starting Wait until snapd is fully seeded...
[[0;32m  OK  [0m] Started Pollinate to seed the pseudo random number generator.
         Starting OpenBSD Secure Shell server...
[[0;32m  OK  [0m] Started OpenBSD Secure Shell server.
[[0;32m  OK  [0m] Created slice User Slice of vagrant.
         Starting User Manager for UID 1000...
[[0;32m  OK  [0m] Started Session 1 of user vagrant.
[[0;32m  OK  [0m] Started User Manager for UID 1000.

Ubuntu 16.04.6 LTS ubuntu-xenial ttyS0

ubuntu-xenial login: [   48.312396] cloud-init[1427]: Generating locales (this might take a while)...
[   52.376391] cloud-init[1427]:   en_US.UTF-8... done
[   52.382270] cloud-init[1427]: Generation complete.
[   55.079673] cloud-init[1427]: Cloud-init v. 19.2-36-g059d049c-0ubuntu2~16.04.1 running 'modules:config' at Sun, 29 Mar 2020 18:46:27 +0000. Up 47.33 seconds.
ci-info: no authorized ssh keys fingerprints found for user ubuntu.
<14>Mar 29 18:46:37 ec2: 
<14>Mar 29 18:46:37 ec2: #############################################################
<14>Mar 29 18:46:37 ec2: -----BEGIN SSH HOST KEY FINGERPRINTS-----
<14>Mar 29 18:46:37 ec2: 1024 SHA256:YsWCGSaXUXHauZczCZFDBT1us0hsUT+2YyR+a5vf8us root@ubuntu-xenial (DSA)
<14>Mar 29 18:46:37 ec2: 256 SHA256:5tkcSnLfj+DkQ7mNXvd/j4aa4N2YNXjwACi7Lk4/B98 root@ubuntu-xenial (ECDSA)
<14>Mar 29 18:46:37 ec2: 256 SHA256:pLiKXU0zazN/ysmX8WAxktVL3hrGlDy54mrfVhAU2Gw root@ubuntu-xenial (ED25519)
<14>Mar 29 18:46:37 ec2: 2048 SHA256:miOA0exJ5tBzYCi/FPWpNDs1p9bRFQamnpdSxUxyUC0 root@ubuntu-xenial (RSA)
<14>Mar 29 18:46:37 ec2: -----END SSH HOST KEY FINGERPRINTS-----
<14>Mar 29 18:46:37 ec2: #############################################################
-----BEGIN SSH HOST KEY KEYS-----
ecdsa-sha2-nistp256 AAAAE2VjZHNhLXNoYTItbmlzdHAyNTYAAAAIbmlzdHAyNTYAAABBBKwMfvD9Gdj2wGf94Qe+VD1wEDmv2WrJUhgQeXWr8Tz8lBuNC5HQ6aRccuu/9hJQXwfq0kHKy/o8SdItSa1B8pQ= root@ubuntu-xenial
ssh-ed25519 AAAAC3NzaC1lZDI1NTE5AAAAIDf1pPvRHdMcwo6aVPVmz2l/ZFwozF8YL0oTMwXoYR7T root@ubuntu-xenial
ssh-rsa AAAAB3NzaC1yc2EAAAADAQABAAABAQDewsKbluBTRZBAmCRwlQjNv+BJ9sGlqb1vQITMxiy4QFjdOJ8w+W+LoUvbZ7dzT0f31G9WCxLE7RxuvZ681YTPQnH+68j9McIAkRjGE8Im1Xx81eUQrrMQZOwWocSxw5YqkdPcpppV9SdHdJDT//gcsFhNdh6oyOuNPxkbGfTwRL8CkP/Su5y19kxHHEQMV7KvnMRNK0meNsTstKdAsC2EfaRieZpcYaKiFlrHnCAOZwmGdC2LPl0r+2i/AP7iCvpDshcYHaQ8joqpPDFH36sHvOsFs7mD/l/bOro8MF0mcavIXgvRoBUleYzu7HziwJTvfSCNY+Lq/7Zs6sTL7iWT root@ubuntu-xenial
-----END SSH HOST KEY KEYS-----
[   57.735384] cloud-init[1733]: Cloud-init v. 19.2-36-g059d049c-0ubuntu2~16.04.1 running 'modules:final' at Sun, 29 Mar 2020 18:46:36 +0000. Up 56.82 seconds.
[   57.741894] cloud-init[1733]: ci-info: no authorized ssh keys fingerprints found for user ubuntu.
[   57.770738] cloud-init[1733]: Cloud-init v. 19.2-36-g059d049c-0ubuntu2~16.04.1 finished at Sun, 29 Mar 2020 18:46:37 +0000. Datasource DataSourceNoCloud [seed=/dev/sdb][dsmode=net].  Up 57.63 seconds
